

================================================================
== Vivado HLS Report for 'AXI_DMA_MASTER'
================================================================
* Date:           Sat Aug  1 10:34:00 2020

* Version:        2018.3 (Build 2405991 on Thu Dec 06 23:56:15 MST 2018)
* Project:        lenet_op.prj
* Solution:       solution1
* Product family: zynq
* Target device:  xc7z020clg400-1


================================================================
== Performance Estimates
================================================================
+ Timing (ns): 
    * Summary: 
    +--------+-------+----------+------------+
    |  Clock | Target| Estimated| Uncertainty|
    +--------+-------+----------+------------+
    |ap_clk  |  10.00|     8.510|        1.25|
    +--------+-------+----------+------------+

+ Latency (clock cycles): 
    * Summary: 
    +-----+-----+-----+-----+---------+
    |  Latency  |  Interval | Pipeline|
    | min | max | min | max |   Type  |
    +-----+-----+-----+-----+---------+
    |    ?|    ?|    ?|    ?|   none  |
    +-----+-----+-----+-----+---------+

    + Detail: 
        * Instance: 
        N/A

        * Loop: 
        +----------+-----+-----+----------+-----------+-----------+------+----------+
        |          |  Latency  | Iteration|  Initiation Interval  | Trip |          |
        | Loop Name| min | max |  Latency |  achieved |   target  | Count| Pipelined|
        +----------+-----+-----+----------+-----------+-----------+------+----------+
        |- Loop 1  |    ?|    ?|         3|          1|          1|     ?|    yes   |
        |- Loop 2  |    ?|    ?|         3|          1|          1|     ?|    yes   |
        +----------+-----+-----+----------+-----------+-----------+------+----------+

============================================================
+ Verbose Summary: Synthesis Manager
============================================================
InlineROM: 1
ExposeGlobal: 0
============================================================
+ Verbose Summary: CDFG Model
============================================================
IsTopModel: 0
ResetActiveHigh: 1
IsCombinational: 2
IsDatapathOnly: 0
HasWiredReturn: 1
HasMFsm: 0
HasVarLatency: 1
IsPipeline: 0
IsRtlPipelined: 0
IsInstanceOverlapped: 0
IsDontTouch: 0
HasImplIP: 0
IsGatedGlobalClock: 0

+ Individual pipeline summary: 
  * Pipeline-0: initiation interval (II) = 1, depth = 3
  * Pipeline-1: initiation interval (II) = 1, depth = 3


============================================================
+ Verbose Summary: Schedule
============================================================
* Number of FSM states : 20
* Pipeline : 2
  Pipeline-0 : II = 1, D = 3, States = { 12 13 14 }
  Pipeline-1 : II = 1, D = 3, States = { 18 19 20 }
* Dataflow Pipeline: 0

* FSM state transitions: 
1 --> 
	2  / true
2 --> 
	3  / true
3 --> 
	4  / true
4 --> 
	5  / true
5 --> 
	6  / true
6 --> 
	7  / true
7 --> 
	8  / true
8 --> 
	9  / true
9 --> 
	10  / (!tmp_s)
	16  / (tmp_s)
10 --> 
	11  / true
11 --> 
	12  / true
12 --> 
	15  / (exitcond)
	13  / (!exitcond)
13 --> 
	14  / true
14 --> 
	12  / true
15 --> 
16 --> 
	17  / true
17 --> 
	18  / true
18 --> 
	15  / (exitcond7)
	19  / (!exitcond7)
19 --> 
	20  / true
20 --> 
	18  / true

* FSM state operations: 

State 1 <SV = 0> <Delay = 6.10>
ST_1 : Operation 21 [1/1] (3.63ns)   --->   "%tmp_V = call i32 @_ssdm_op_Read.ap_fifo.volatile.i32P(i32* %in_stream_V_V)" [LeNet_wrapper/../hw_library/axi_dma_master.h:10]   --->   Operation 21 'read' 'tmp_V' <Predicate = true> <Delay = 3.63> <Core = "FIFO_SRL">   --->   Core 36 'FIFO_SRL' <Latency = 0> <II = 1> <Delay = 3.63> <Storage> <Opcode : 'read' 'write' 'nbread' 'nbwrite'> <Ports = 0> <Width = 32> <Depth = 0> <FIFO>
ST_1 : Operation 22 [2/2] (0.00ns)   --->   "call void @_ssdm_op_Write.axis.volatile.i32P.i1P(i32* %out_stream_V_data_V, i1* %out_stream_V_last, i32 %tmp_V, i1 false)" [LeNet_wrapper/../hw_library/axi_dma_master.h:13]   --->   Operation 22 'write' <Predicate = true> <Delay = 0.00> <Core = "AXI4Stream">   --->   Core 5 'AXI4Stream' <Latency = 0> <II = 1> <Delay = 1.00> <Adapter> <Opcode : >
ST_1 : Operation 23 [1/1] (2.47ns)   --->   "%tmp_s = icmp eq i32 %tmp_V, 0" [LeNet_wrapper/../hw_library/axi_dma_master.h:50]   --->   Operation 23 'icmp' 'tmp_s' <Predicate = true> <Delay = 2.47> <Core = "Cmp">   --->   Core 25 'Cmp' <Latency = 0> <II = 1> <Delay = 2.47> <FuncUnit> <Opcode : 'icmp'> <InPorts = 2> <OutPorts = 1>

State 2 <SV = 1> <Delay = 3.63>
ST_2 : Operation 24 [1/2] (0.00ns)   --->   "call void @_ssdm_op_Write.axis.volatile.i32P.i1P(i32* %out_stream_V_data_V, i1* %out_stream_V_last, i32 %tmp_V, i1 false)" [LeNet_wrapper/../hw_library/axi_dma_master.h:13]   --->   Operation 24 'write' <Predicate = true> <Delay = 0.00> <Core = "AXI4Stream">   --->   Core 5 'AXI4Stream' <Latency = 0> <II = 1> <Delay = 1.00> <Adapter> <Opcode : >
ST_2 : Operation 25 [1/1] (3.63ns)   --->   "%tmp_V_210 = call i32 @_ssdm_op_Read.ap_fifo.volatile.i32P(i32* %in_stream_V_V)" [LeNet_wrapper/../hw_library/axi_dma_master.h:15]   --->   Operation 25 'read' 'tmp_V_210' <Predicate = true> <Delay = 3.63> <Core = "FIFO_SRL">   --->   Core 36 'FIFO_SRL' <Latency = 0> <II = 1> <Delay = 3.63> <Storage> <Opcode : 'read' 'write' 'nbread' 'nbwrite'> <Ports = 0> <Width = 32> <Depth = 0> <FIFO>
ST_2 : Operation 26 [2/2] (0.00ns)   --->   "call void @_ssdm_op_Write.axis.volatile.i32P.i1P(i32* %out_stream_V_data_V, i1* %out_stream_V_last, i32 %tmp_V_210, i1 false)" [LeNet_wrapper/../hw_library/axi_dma_master.h:18]   --->   Operation 26 'write' <Predicate = true> <Delay = 0.00> <Core = "AXI4Stream">   --->   Core 5 'AXI4Stream' <Latency = 0> <II = 1> <Delay = 1.00> <Adapter> <Opcode : >

State 3 <SV = 2> <Delay = 3.63>
ST_3 : Operation 27 [1/2] (0.00ns)   --->   "call void @_ssdm_op_Write.axis.volatile.i32P.i1P(i32* %out_stream_V_data_V, i1* %out_stream_V_last, i32 %tmp_V_210, i1 false)" [LeNet_wrapper/../hw_library/axi_dma_master.h:18]   --->   Operation 27 'write' <Predicate = true> <Delay = 0.00> <Core = "AXI4Stream">   --->   Core 5 'AXI4Stream' <Latency = 0> <II = 1> <Delay = 1.00> <Adapter> <Opcode : >
ST_3 : Operation 28 [1/1] (3.63ns)   --->   "%tmp_V_211 = call i32 @_ssdm_op_Read.ap_fifo.volatile.i32P(i32* %in_stream_V_V)" [LeNet_wrapper/../hw_library/axi_dma_master.h:20]   --->   Operation 28 'read' 'tmp_V_211' <Predicate = true> <Delay = 3.63> <Core = "FIFO_SRL">   --->   Core 36 'FIFO_SRL' <Latency = 0> <II = 1> <Delay = 3.63> <Storage> <Opcode : 'read' 'write' 'nbread' 'nbwrite'> <Ports = 0> <Width = 32> <Depth = 0> <FIFO>
ST_3 : Operation 29 [2/2] (0.00ns)   --->   "call void @_ssdm_op_Write.axis.volatile.i32P.i1P(i32* %out_stream_V_data_V, i1* %out_stream_V_last, i32 %tmp_V_211, i1 false)" [LeNet_wrapper/../hw_library/axi_dma_master.h:23]   --->   Operation 29 'write' <Predicate = true> <Delay = 0.00> <Core = "AXI4Stream">   --->   Core 5 'AXI4Stream' <Latency = 0> <II = 1> <Delay = 1.00> <Adapter> <Opcode : >

State 4 <SV = 3> <Delay = 3.63>
ST_4 : Operation 30 [1/2] (0.00ns)   --->   "call void @_ssdm_op_Write.axis.volatile.i32P.i1P(i32* %out_stream_V_data_V, i1* %out_stream_V_last, i32 %tmp_V_211, i1 false)" [LeNet_wrapper/../hw_library/axi_dma_master.h:23]   --->   Operation 30 'write' <Predicate = true> <Delay = 0.00> <Core = "AXI4Stream">   --->   Core 5 'AXI4Stream' <Latency = 0> <II = 1> <Delay = 1.00> <Adapter> <Opcode : >
ST_4 : Operation 31 [1/1] (3.63ns)   --->   "%tmp_V_212 = call i32 @_ssdm_op_Read.ap_fifo.volatile.i32P(i32* %in_stream_V_V)" [LeNet_wrapper/../hw_library/axi_dma_master.h:25]   --->   Operation 31 'read' 'tmp_V_212' <Predicate = true> <Delay = 3.63> <Core = "FIFO_SRL">   --->   Core 36 'FIFO_SRL' <Latency = 0> <II = 1> <Delay = 3.63> <Storage> <Opcode : 'read' 'write' 'nbread' 'nbwrite'> <Ports = 0> <Width = 32> <Depth = 0> <FIFO>
ST_4 : Operation 32 [2/2] (0.00ns)   --->   "call void @_ssdm_op_Write.axis.volatile.i32P.i1P(i32* %out_stream_V_data_V, i1* %out_stream_V_last, i32 %tmp_V_212, i1 false)" [LeNet_wrapper/../hw_library/axi_dma_master.h:28]   --->   Operation 32 'write' <Predicate = true> <Delay = 0.00> <Core = "AXI4Stream">   --->   Core 5 'AXI4Stream' <Latency = 0> <II = 1> <Delay = 1.00> <Adapter> <Opcode : >

State 5 <SV = 4> <Delay = 3.63>
ST_5 : Operation 33 [1/2] (0.00ns)   --->   "call void @_ssdm_op_Write.axis.volatile.i32P.i1P(i32* %out_stream_V_data_V, i1* %out_stream_V_last, i32 %tmp_V_212, i1 false)" [LeNet_wrapper/../hw_library/axi_dma_master.h:28]   --->   Operation 33 'write' <Predicate = true> <Delay = 0.00> <Core = "AXI4Stream">   --->   Core 5 'AXI4Stream' <Latency = 0> <II = 1> <Delay = 1.00> <Adapter> <Opcode : >
ST_5 : Operation 34 [1/1] (3.63ns)   --->   "%tmp_V_213 = call i32 @_ssdm_op_Read.ap_fifo.volatile.i32P(i32* %in_stream_V_V)" [LeNet_wrapper/../hw_library/axi_dma_master.h:30]   --->   Operation 34 'read' 'tmp_V_213' <Predicate = true> <Delay = 3.63> <Core = "FIFO_SRL">   --->   Core 36 'FIFO_SRL' <Latency = 0> <II = 1> <Delay = 3.63> <Storage> <Opcode : 'read' 'write' 'nbread' 'nbwrite'> <Ports = 0> <Width = 32> <Depth = 0> <FIFO>
ST_5 : Operation 35 [2/2] (0.00ns)   --->   "call void @_ssdm_op_Write.axis.volatile.i32P.i1P(i32* %out_stream_V_data_V, i1* %out_stream_V_last, i32 %tmp_V_213, i1 false)" [LeNet_wrapper/../hw_library/axi_dma_master.h:33]   --->   Operation 35 'write' <Predicate = true> <Delay = 0.00> <Core = "AXI4Stream">   --->   Core 5 'AXI4Stream' <Latency = 0> <II = 1> <Delay = 1.00> <Adapter> <Opcode : >

State 6 <SV = 5> <Delay = 3.63>
ST_6 : Operation 36 [1/2] (0.00ns)   --->   "call void @_ssdm_op_Write.axis.volatile.i32P.i1P(i32* %out_stream_V_data_V, i1* %out_stream_V_last, i32 %tmp_V_213, i1 false)" [LeNet_wrapper/../hw_library/axi_dma_master.h:33]   --->   Operation 36 'write' <Predicate = true> <Delay = 0.00> <Core = "AXI4Stream">   --->   Core 5 'AXI4Stream' <Latency = 0> <II = 1> <Delay = 1.00> <Adapter> <Opcode : >
ST_6 : Operation 37 [1/1] (3.63ns)   --->   "%tmp_V_214 = call i32 @_ssdm_op_Read.ap_fifo.volatile.i32P(i32* %in_stream_V_V)" [LeNet_wrapper/../hw_library/axi_dma_master.h:35]   --->   Operation 37 'read' 'tmp_V_214' <Predicate = true> <Delay = 3.63> <Core = "FIFO_SRL">   --->   Core 36 'FIFO_SRL' <Latency = 0> <II = 1> <Delay = 3.63> <Storage> <Opcode : 'read' 'write' 'nbread' 'nbwrite'> <Ports = 0> <Width = 32> <Depth = 0> <FIFO>
ST_6 : Operation 38 [2/2] (0.00ns)   --->   "call void @_ssdm_op_Write.axis.volatile.i32P.i1P(i32* %out_stream_V_data_V, i1* %out_stream_V_last, i32 %tmp_V_214, i1 false)" [LeNet_wrapper/../hw_library/axi_dma_master.h:38]   --->   Operation 38 'write' <Predicate = true> <Delay = 0.00> <Core = "AXI4Stream">   --->   Core 5 'AXI4Stream' <Latency = 0> <II = 1> <Delay = 1.00> <Adapter> <Opcode : >

State 7 <SV = 6> <Delay = 3.63>
ST_7 : Operation 39 [1/2] (0.00ns)   --->   "call void @_ssdm_op_Write.axis.volatile.i32P.i1P(i32* %out_stream_V_data_V, i1* %out_stream_V_last, i32 %tmp_V_214, i1 false)" [LeNet_wrapper/../hw_library/axi_dma_master.h:38]   --->   Operation 39 'write' <Predicate = true> <Delay = 0.00> <Core = "AXI4Stream">   --->   Core 5 'AXI4Stream' <Latency = 0> <II = 1> <Delay = 1.00> <Adapter> <Opcode : >
ST_7 : Operation 40 [1/1] (3.63ns)   --->   "%tmp_V_215 = call i32 @_ssdm_op_Read.ap_fifo.volatile.i32P(i32* %in_stream_V_V)" [LeNet_wrapper/../hw_library/axi_dma_master.h:40]   --->   Operation 40 'read' 'tmp_V_215' <Predicate = true> <Delay = 3.63> <Core = "FIFO_SRL">   --->   Core 36 'FIFO_SRL' <Latency = 0> <II = 1> <Delay = 3.63> <Storage> <Opcode : 'read' 'write' 'nbread' 'nbwrite'> <Ports = 0> <Width = 32> <Depth = 0> <FIFO>
ST_7 : Operation 41 [2/2] (0.00ns)   --->   "call void @_ssdm_op_Write.axis.volatile.i32P.i1P(i32* %out_stream_V_data_V, i1* %out_stream_V_last, i32 %tmp_V_215, i1 false)" [LeNet_wrapper/../hw_library/axi_dma_master.h:43]   --->   Operation 41 'write' <Predicate = true> <Delay = 0.00> <Core = "AXI4Stream">   --->   Core 5 'AXI4Stream' <Latency = 0> <II = 1> <Delay = 1.00> <Adapter> <Opcode : >

State 8 <SV = 7> <Delay = 3.63>
ST_8 : Operation 42 [1/2] (0.00ns)   --->   "call void @_ssdm_op_Write.axis.volatile.i32P.i1P(i32* %out_stream_V_data_V, i1* %out_stream_V_last, i32 %tmp_V_215, i1 false)" [LeNet_wrapper/../hw_library/axi_dma_master.h:43]   --->   Operation 42 'write' <Predicate = true> <Delay = 0.00> <Core = "AXI4Stream">   --->   Core 5 'AXI4Stream' <Latency = 0> <II = 1> <Delay = 1.00> <Adapter> <Opcode : >
ST_8 : Operation 43 [1/1] (3.63ns)   --->   "%tmp_V_216 = call i32 @_ssdm_op_Read.ap_fifo.volatile.i32P(i32* %in_stream_V_V)" [LeNet_wrapper/../hw_library/axi_dma_master.h:45]   --->   Operation 43 'read' 'tmp_V_216' <Predicate = true> <Delay = 3.63> <Core = "FIFO_SRL">   --->   Core 36 'FIFO_SRL' <Latency = 0> <II = 1> <Delay = 3.63> <Storage> <Opcode : 'read' 'write' 'nbread' 'nbwrite'> <Ports = 0> <Width = 32> <Depth = 0> <FIFO>
ST_8 : Operation 44 [2/2] (0.00ns)   --->   "call void @_ssdm_op_Write.axis.volatile.i32P.i1P(i32* %out_stream_V_data_V, i1* %out_stream_V_last, i32 %tmp_V_216, i1 false)" [LeNet_wrapper/../hw_library/axi_dma_master.h:48]   --->   Operation 44 'write' <Predicate = true> <Delay = 0.00> <Core = "AXI4Stream">   --->   Core 5 'AXI4Stream' <Latency = 0> <II = 1> <Delay = 1.00> <Adapter> <Opcode : >

State 9 <SV = 8> <Delay = 8.51>
ST_9 : Operation 45 [1/1] (0.00ns)   --->   "call void (...)* @_ssdm_op_SpecInterface(i32* %in_stream_V_V, [8 x i8]* @ap_fifo_str, i32 0, i32 0, [1 x i8]* @p_str161, i32 0, i32 0, [1 x i8]* @p_str162, [1 x i8]* @p_str163, [1 x i8]* @p_str164, i32 2, i32 2, i32 16, i32 16, [1 x i8]* @p_str165, [1 x i8]* @p_str166)"   --->   Operation 45 'specinterface' <Predicate = true> <Delay = 0.00>
ST_9 : Operation 46 [1/1] (0.00ns)   --->   "call void (...)* @_ssdm_op_SpecInterface(i32* %out_stream_V_data_V, i1* %out_stream_V_last, [5 x i8]* @p_str5, i32 1, i32 1, [5 x i8]* @p_str6, i32 0, i32 0, [1 x i8]* @p_str1, [1 x i8]* @p_str1, [1 x i8]* @p_str1, i32 0, i32 0, i32 0, i32 0, [1 x i8]* @p_str1, [1 x i8]* @p_str1) nounwind"   --->   Operation 46 'specinterface' <Predicate = true> <Delay = 0.00>
ST_9 : Operation 47 [1/2] (0.00ns)   --->   "call void @_ssdm_op_Write.axis.volatile.i32P.i1P(i32* %out_stream_V_data_V, i1* %out_stream_V_last, i32 %tmp_V_216, i1 false)" [LeNet_wrapper/../hw_library/axi_dma_master.h:48]   --->   Operation 47 'write' <Predicate = true> <Delay = 0.00> <Core = "AXI4Stream">   --->   Core 5 'AXI4Stream' <Latency = 0> <II = 1> <Delay = 1.00> <Adapter> <Opcode : >
ST_9 : Operation 48 [1/1] (0.00ns)   --->   "br i1 %tmp_s, label %1, label %4" [LeNet_wrapper/../hw_library/axi_dma_master.h:50]   --->   Operation 48 'br' <Predicate = true> <Delay = 0.00>
ST_9 : Operation 49 [1/1] (8.51ns)   --->   "%tmp5 = mul i32 %tmp_V_211, %tmp_V_212" [LeNet_wrapper/../hw_library/axi_dma_master.h:70]   --->   Operation 49 'mul' 'tmp5' <Predicate = (!tmp_s)> <Delay = 8.51> <Core = "Mul">   --->   Core 16 'Mul' <Latency = 0> <II = 1> <Delay = 8.51> <FuncUnit> <Opcode : 'mul'> <InPorts = 2> <OutPorts = 1>
ST_9 : Operation 50 [1/1] (8.51ns)   --->   "%tmp6 = mul i32 %tmp_V_211, %tmp_V_214" [LeNet_wrapper/../hw_library/axi_dma_master.h:70]   --->   Operation 50 'mul' 'tmp6' <Predicate = (!tmp_s)> <Delay = 8.51> <Core = "Mul">   --->   Core 16 'Mul' <Latency = 0> <II = 1> <Delay = 8.51> <FuncUnit> <Opcode : 'mul'> <InPorts = 2> <OutPorts = 1>
ST_9 : Operation 51 [1/1] (8.51ns)   --->   "%tmp2 = mul i32 %tmp_V_210, %tmp_V_215" [LeNet_wrapper/../hw_library/axi_dma_master.h:53]   --->   Operation 51 'mul' 'tmp2' <Predicate = (tmp_s)> <Delay = 8.51> <Core = "Mul">   --->   Core 16 'Mul' <Latency = 0> <II = 1> <Delay = 8.51> <FuncUnit> <Opcode : 'mul'> <InPorts = 2> <OutPorts = 1>
ST_9 : Operation 52 [1/1] (8.51ns)   --->   "%tmp3 = mul i32 %tmp_V_214, %tmp_V_215" [LeNet_wrapper/../hw_library/axi_dma_master.h:53]   --->   Operation 52 'mul' 'tmp3' <Predicate = (tmp_s)> <Delay = 8.51> <Core = "Mul">   --->   Core 16 'Mul' <Latency = 0> <II = 1> <Delay = 8.51> <FuncUnit> <Opcode : 'mul'> <InPorts = 2> <OutPorts = 1>

State 10 <SV = 9> <Delay = 8.51>
ST_10 : Operation 53 [1/1] (8.51ns)   --->   "%KER_bound = mul i32 %tmp6, %tmp5" [LeNet_wrapper/../hw_library/axi_dma_master.h:70]   --->   Operation 53 'mul' 'KER_bound' <Predicate = true> <Delay = 8.51> <Core = "Mul">   --->   Core 16 'Mul' <Latency = 0> <II = 1> <Delay = 8.51> <FuncUnit> <Opcode : 'mul'> <InPorts = 2> <OutPorts = 1>

State 11 <SV = 10> <Delay = 2.55>
ST_11 : Operation 54 [1/1] (2.55ns)   --->   "%tmp_124 = add i32 %KER_bound, -1" [LeNet_wrapper/../hw_library/axi_dma_master.h:79]   --->   Operation 54 'add' 'tmp_124' <Predicate = true> <Delay = 2.55> <Core = "AddSub">   --->   Core 14 'AddSub' <Latency = 0> <II = 1> <Delay = 2.55> <FuncUnit> <Opcode : 'add' 'sub'> <InPorts = 2> <OutPorts = 1>
ST_11 : Operation 55 [1/1] (1.76ns)   --->   "br label %5" [LeNet_wrapper/../hw_library/axi_dma_master.h:76]   --->   Operation 55 'br' <Predicate = true> <Delay = 1.76>

State 12 <SV = 11> <Delay = 3.45>
ST_12 : Operation 56 [1/1] (0.00ns)   --->   "%i1 = phi i32 [ 0, %4 ], [ %i_2, %6 ]"   --->   Operation 56 'phi' 'i1' <Predicate = true> <Delay = 0.00>
ST_12 : Operation 57 [1/1] (2.47ns)   --->   "%exitcond = icmp eq i32 %i1, %KER_bound" [LeNet_wrapper/../hw_library/axi_dma_master.h:76]   --->   Operation 57 'icmp' 'exitcond' <Predicate = true> <Delay = 2.47> <Core = "Cmp">   --->   Core 25 'Cmp' <Latency = 0> <II = 1> <Delay = 2.47> <FuncUnit> <Opcode : 'icmp'> <InPorts = 2> <OutPorts = 1>
ST_12 : Operation 58 [1/1] (2.55ns)   --->   "%i_2 = add i32 %i1, 1" [LeNet_wrapper/../hw_library/axi_dma_master.h:76]   --->   Operation 58 'add' 'i_2' <Predicate = true> <Delay = 2.55> <Core = "AddSub">   --->   Core 14 'AddSub' <Latency = 0> <II = 1> <Delay = 2.55> <FuncUnit> <Opcode : 'add' 'sub'> <InPorts = 2> <OutPorts = 1>
ST_12 : Operation 59 [1/1] (0.00ns)   --->   "br i1 %exitcond, label %.loopexit.loopexit, label %6" [LeNet_wrapper/../hw_library/axi_dma_master.h:76]   --->   Operation 59 'br' <Predicate = true> <Delay = 0.00>
ST_12 : Operation 60 [1/1] (2.47ns)   --->   "%tmp_last_1 = icmp eq i32 %i1, %tmp_124" [LeNet_wrapper/../hw_library/axi_dma_master.h:79]   --->   Operation 60 'icmp' 'tmp_last_1' <Predicate = (!exitcond)> <Delay = 2.47> <Core = "Cmp">   --->   Core 25 'Cmp' <Latency = 0> <II = 1> <Delay = 2.47> <FuncUnit> <Opcode : 'icmp'> <InPorts = 2> <OutPorts = 1>

State 13 <SV = 12> <Delay = 3.63>
ST_13 : Operation 61 [1/1] (3.63ns)   --->   "%tmp_V_218 = call i32 @_ssdm_op_Read.ap_fifo.volatile.i32P(i32* %in_stream_V_V)" [LeNet_wrapper/../hw_library/axi_dma_master.h:78]   --->   Operation 61 'read' 'tmp_V_218' <Predicate = (!exitcond)> <Delay = 3.63> <Core = "FIFO_SRL">   --->   Core 36 'FIFO_SRL' <Latency = 0> <II = 1> <Delay = 3.63> <Storage> <Opcode : 'read' 'write' 'nbread' 'nbwrite'> <Ports = 0> <Width = 32> <Depth = 0> <FIFO>
ST_13 : Operation 62 [2/2] (0.00ns)   --->   "call void @_ssdm_op_Write.axis.volatile.i32P.i1P(i32* %out_stream_V_data_V, i1* %out_stream_V_last, i32 %tmp_V_218, i1 %tmp_last_1)" [LeNet_wrapper/../hw_library/axi_dma_master.h:81]   --->   Operation 62 'write' <Predicate = (!exitcond)> <Delay = 0.00> <Core = "AXI4Stream">   --->   Core 5 'AXI4Stream' <Latency = 0> <II = 1> <Delay = 1.00> <Adapter> <Opcode : >

State 14 <SV = 13> <Delay = 0.00>
ST_14 : Operation 63 [1/1] (0.00ns)   --->   "%tmp_92 = call i32 (...)* @_ssdm_op_SpecRegionBegin([12 x i8]* @p_str4)" [LeNet_wrapper/../hw_library/axi_dma_master.h:76]   --->   Operation 63 'specregionbegin' 'tmp_92' <Predicate = (!exitcond)> <Delay = 0.00>
ST_14 : Operation 64 [1/1] (0.00ns)   --->   "call void (...)* @_ssdm_op_SpecPipeline(i32 1, i32 1, i32 1, i32 0, [1 x i8]* @p_str1) nounwind" [LeNet_wrapper/../hw_library/axi_dma_master.h:77]   --->   Operation 64 'specpipeline' <Predicate = (!exitcond)> <Delay = 0.00>
ST_14 : Operation 65 [1/2] (0.00ns)   --->   "call void @_ssdm_op_Write.axis.volatile.i32P.i1P(i32* %out_stream_V_data_V, i1* %out_stream_V_last, i32 %tmp_V_218, i1 %tmp_last_1)" [LeNet_wrapper/../hw_library/axi_dma_master.h:81]   --->   Operation 65 'write' <Predicate = (!exitcond)> <Delay = 0.00> <Core = "AXI4Stream">   --->   Core 5 'AXI4Stream' <Latency = 0> <II = 1> <Delay = 1.00> <Adapter> <Opcode : >
ST_14 : Operation 66 [1/1] (0.00ns)   --->   "%empty_137 = call i32 (...)* @_ssdm_op_SpecRegionEnd([12 x i8]* @p_str4, i32 %tmp_92)" [LeNet_wrapper/../hw_library/axi_dma_master.h:82]   --->   Operation 66 'specregionend' 'empty_137' <Predicate = (!exitcond)> <Delay = 0.00>
ST_14 : Operation 67 [1/1] (0.00ns)   --->   "br label %5" [LeNet_wrapper/../hw_library/axi_dma_master.h:76]   --->   Operation 67 'br' <Predicate = (!exitcond)> <Delay = 0.00>

State 15 <SV = 12> <Delay = 0.00>
ST_15 : Operation 68 [1/1] (0.00ns)   --->   "br label %.loopexit"   --->   Operation 68 'br' <Predicate = (!tmp_s)> <Delay = 0.00>
ST_15 : Operation 69 [1/1] (0.00ns)   --->   "br label %.loopexit"   --->   Operation 69 'br' <Predicate = (tmp_s)> <Delay = 0.00>
ST_15 : Operation 70 [1/1] (0.00ns)   --->   "ret void" [LeNet_wrapper/../hw_library/axi_dma_master.h:87]   --->   Operation 70 'ret' <Predicate = true> <Delay = 0.00>

State 16 <SV = 9> <Delay = 8.51>
ST_16 : Operation 71 [1/1] (8.51ns)   --->   "%OFM_bound = mul i32 %tmp3, %tmp2" [LeNet_wrapper/../hw_library/axi_dma_master.h:53]   --->   Operation 71 'mul' 'OFM_bound' <Predicate = true> <Delay = 8.51> <Core = "Mul">   --->   Core 16 'Mul' <Latency = 0> <II = 1> <Delay = 8.51> <FuncUnit> <Opcode : 'mul'> <InPorts = 2> <OutPorts = 1>

State 17 <SV = 10> <Delay = 2.55>
ST_17 : Operation 72 [1/1] (2.55ns)   --->   "%tmp_123 = add i32 %OFM_bound, -1" [LeNet_wrapper/../hw_library/axi_dma_master.h:62]   --->   Operation 72 'add' 'tmp_123' <Predicate = true> <Delay = 2.55> <Core = "AddSub">   --->   Core 14 'AddSub' <Latency = 0> <II = 1> <Delay = 2.55> <FuncUnit> <Opcode : 'add' 'sub'> <InPorts = 2> <OutPorts = 1>
ST_17 : Operation 73 [1/1] (1.76ns)   --->   "br label %2" [LeNet_wrapper/../hw_library/axi_dma_master.h:59]   --->   Operation 73 'br' <Predicate = true> <Delay = 1.76>

State 18 <SV = 11> <Delay = 3.45>
ST_18 : Operation 74 [1/1] (0.00ns)   --->   "%i = phi i32 [ 0, %1 ], [ %i_12, %3 ]"   --->   Operation 74 'phi' 'i' <Predicate = true> <Delay = 0.00>
ST_18 : Operation 75 [1/1] (2.47ns)   --->   "%exitcond7 = icmp eq i32 %i, %OFM_bound" [LeNet_wrapper/../hw_library/axi_dma_master.h:59]   --->   Operation 75 'icmp' 'exitcond7' <Predicate = true> <Delay = 2.47> <Core = "Cmp">   --->   Core 25 'Cmp' <Latency = 0> <II = 1> <Delay = 2.47> <FuncUnit> <Opcode : 'icmp'> <InPorts = 2> <OutPorts = 1>
ST_18 : Operation 76 [1/1] (2.55ns)   --->   "%i_12 = add i32 %i, 1" [LeNet_wrapper/../hw_library/axi_dma_master.h:59]   --->   Operation 76 'add' 'i_12' <Predicate = true> <Delay = 2.55> <Core = "AddSub">   --->   Core 14 'AddSub' <Latency = 0> <II = 1> <Delay = 2.55> <FuncUnit> <Opcode : 'add' 'sub'> <InPorts = 2> <OutPorts = 1>
ST_18 : Operation 77 [1/1] (0.00ns)   --->   "br i1 %exitcond7, label %.loopexit.loopexit4, label %3" [LeNet_wrapper/../hw_library/axi_dma_master.h:59]   --->   Operation 77 'br' <Predicate = true> <Delay = 0.00>
ST_18 : Operation 78 [1/1] (2.47ns)   --->   "%tmp_last = icmp eq i32 %i, %tmp_123" [LeNet_wrapper/../hw_library/axi_dma_master.h:62]   --->   Operation 78 'icmp' 'tmp_last' <Predicate = (!exitcond7)> <Delay = 2.47> <Core = "Cmp">   --->   Core 25 'Cmp' <Latency = 0> <II = 1> <Delay = 2.47> <FuncUnit> <Opcode : 'icmp'> <InPorts = 2> <OutPorts = 1>

State 19 <SV = 12> <Delay = 3.63>
ST_19 : Operation 79 [1/1] (3.63ns)   --->   "%tmp_V_217 = call i32 @_ssdm_op_Read.ap_fifo.volatile.i32P(i32* %in_stream_V_V)" [LeNet_wrapper/../hw_library/axi_dma_master.h:61]   --->   Operation 79 'read' 'tmp_V_217' <Predicate = (!exitcond7)> <Delay = 3.63> <Core = "FIFO_SRL">   --->   Core 36 'FIFO_SRL' <Latency = 0> <II = 1> <Delay = 3.63> <Storage> <Opcode : 'read' 'write' 'nbread' 'nbwrite'> <Ports = 0> <Width = 32> <Depth = 0> <FIFO>
ST_19 : Operation 80 [2/2] (0.00ns)   --->   "call void @_ssdm_op_Write.axis.volatile.i32P.i1P(i32* %out_stream_V_data_V, i1* %out_stream_V_last, i32 %tmp_V_217, i1 %tmp_last)" [LeNet_wrapper/../hw_library/axi_dma_master.h:64]   --->   Operation 80 'write' <Predicate = (!exitcond7)> <Delay = 0.00> <Core = "AXI4Stream">   --->   Core 5 'AXI4Stream' <Latency = 0> <II = 1> <Delay = 1.00> <Adapter> <Opcode : >

State 20 <SV = 13> <Delay = 0.00>
ST_20 : Operation 81 [1/1] (0.00ns)   --->   "%tmp = call i32 (...)* @_ssdm_op_SpecRegionBegin([12 x i8]* @p_str3)" [LeNet_wrapper/../hw_library/axi_dma_master.h:59]   --->   Operation 81 'specregionbegin' 'tmp' <Predicate = (!exitcond7)> <Delay = 0.00>
ST_20 : Operation 82 [1/1] (0.00ns)   --->   "call void (...)* @_ssdm_op_SpecPipeline(i32 1, i32 1, i32 1, i32 0, [1 x i8]* @p_str1) nounwind" [LeNet_wrapper/../hw_library/axi_dma_master.h:60]   --->   Operation 82 'specpipeline' <Predicate = (!exitcond7)> <Delay = 0.00>
ST_20 : Operation 83 [1/2] (0.00ns)   --->   "call void @_ssdm_op_Write.axis.volatile.i32P.i1P(i32* %out_stream_V_data_V, i1* %out_stream_V_last, i32 %tmp_V_217, i1 %tmp_last)" [LeNet_wrapper/../hw_library/axi_dma_master.h:64]   --->   Operation 83 'write' <Predicate = (!exitcond7)> <Delay = 0.00> <Core = "AXI4Stream">   --->   Core 5 'AXI4Stream' <Latency = 0> <II = 1> <Delay = 1.00> <Adapter> <Opcode : >
ST_20 : Operation 84 [1/1] (0.00ns)   --->   "%empty = call i32 (...)* @_ssdm_op_SpecRegionEnd([12 x i8]* @p_str3, i32 %tmp)" [LeNet_wrapper/../hw_library/axi_dma_master.h:65]   --->   Operation 84 'specregionend' 'empty' <Predicate = (!exitcond7)> <Delay = 0.00>
ST_20 : Operation 85 [1/1] (0.00ns)   --->   "br label %2" [LeNet_wrapper/../hw_library/axi_dma_master.h:59]   --->   Operation 85 'br' <Predicate = (!exitcond7)> <Delay = 0.00>


============================================================
+ Verbose Summary: Timing violations
============================================================
Target clock period: 10ns, clock uncertainty: 1.25ns.

 <State 1>: 6.11ns
The critical path consists of the following:
	fifo read on port 'in_stream_V_V' (LeNet_wrapper/../hw_library/axi_dma_master.h:10) [6]  (3.63 ns)
	'icmp' operation ('tmp_s', LeNet_wrapper/../hw_library/axi_dma_master.h:50) [22]  (2.47 ns)

 <State 2>: 3.63ns
The critical path consists of the following:
	fifo read on port 'in_stream_V_V' (LeNet_wrapper/../hw_library/axi_dma_master.h:15) [8]  (3.63 ns)

 <State 3>: 3.63ns
The critical path consists of the following:
	fifo read on port 'in_stream_V_V' (LeNet_wrapper/../hw_library/axi_dma_master.h:20) [10]  (3.63 ns)

 <State 4>: 3.63ns
The critical path consists of the following:
	fifo read on port 'in_stream_V_V' (LeNet_wrapper/../hw_library/axi_dma_master.h:25) [12]  (3.63 ns)

 <State 5>: 3.63ns
The critical path consists of the following:
	fifo read on port 'in_stream_V_V' (LeNet_wrapper/../hw_library/axi_dma_master.h:30) [14]  (3.63 ns)

 <State 6>: 3.63ns
The critical path consists of the following:
	fifo read on port 'in_stream_V_V' (LeNet_wrapper/../hw_library/axi_dma_master.h:35) [16]  (3.63 ns)

 <State 7>: 3.63ns
The critical path consists of the following:
	fifo read on port 'in_stream_V_V' (LeNet_wrapper/../hw_library/axi_dma_master.h:40) [18]  (3.63 ns)

 <State 8>: 3.63ns
The critical path consists of the following:
	fifo read on port 'in_stream_V_V' (LeNet_wrapper/../hw_library/axi_dma_master.h:45) [20]  (3.63 ns)

 <State 9>: 8.51ns
The critical path consists of the following:
	'mul' operation ('tmp5', LeNet_wrapper/../hw_library/axi_dma_master.h:70) [25]  (8.51 ns)

 <State 10>: 8.51ns
The critical path consists of the following:
	'mul' operation ('KER_bound', LeNet_wrapper/../hw_library/axi_dma_master.h:70) [27]  (8.51 ns)

 <State 11>: 2.55ns
The critical path consists of the following:
	'add' operation ('tmp_124', LeNet_wrapper/../hw_library/axi_dma_master.h:79) [28]  (2.55 ns)

 <State 12>: 3.45ns
The critical path consists of the following:
	'icmp' operation ('exitcond', LeNet_wrapper/../hw_library/axi_dma_master.h:76) [32]  (2.47 ns)
	blocking operation 0.978 ns on control path)

 <State 13>: 3.63ns
The critical path consists of the following:
	fifo read on port 'in_stream_V_V' (LeNet_wrapper/../hw_library/axi_dma_master.h:78) [38]  (3.63 ns)

 <State 14>: 0ns
The critical path consists of the following:

 <State 15>: 0ns
The critical path consists of the following:

 <State 16>: 8.51ns
The critical path consists of the following:
	'mul' operation ('OFM_bound', LeNet_wrapper/../hw_library/axi_dma_master.h:53) [48]  (8.51 ns)

 <State 17>: 2.55ns
The critical path consists of the following:
	'add' operation ('tmp_123', LeNet_wrapper/../hw_library/axi_dma_master.h:62) [49]  (2.55 ns)

 <State 18>: 3.45ns
The critical path consists of the following:
	'icmp' operation ('exitcond7', LeNet_wrapper/../hw_library/axi_dma_master.h:59) [53]  (2.47 ns)
	blocking operation 0.978 ns on control path)

 <State 19>: 3.63ns
The critical path consists of the following:
	fifo read on port 'in_stream_V_V' (LeNet_wrapper/../hw_library/axi_dma_master.h:61) [59]  (3.63 ns)

 <State 20>: 0ns
The critical path consists of the following:


============================================================
+ Verbose Summary: Binding
============================================================
N/A
* FSMD analyzer results:
  - Output states:
 - Input state : 
  - Chain level:
	State 1
	State 2
	State 3
	State 4
	State 5
	State 6
	State 7
	State 8
	State 9
	State 10
	State 11
	State 12
	State 13
	State 14
	State 15
	State 16
	State 17
	State 18
	State 19
	State 20


============================================================
+ Verbose Summary: Datapath Resource usage 
============================================================
N/A
