

================================================================
== Vivado HLS Report for 'lenet'
================================================================
* Date:           Sat Aug  1 10:34:00 2020

* Version:        2018.3 (Build 2405991 on Thu Dec 06 23:56:15 MST 2018)
* Project:        lenet_op.prj
* Solution:       solution1
* Product family: zynq
* Target device:  xc7z020clg400-1


================================================================
== Performance Estimates
================================================================
+ Timing (ns): 
    * Summary: 
    +--------+-------+----------+------------+
    |  Clock | Target| Estimated| Uncertainty|
    +--------+-------+----------+------------+
    |ap_clk  |  10.00|    10.623|        1.25|
    +--------+-------+----------+------------+

+ Latency (clock cycles): 
    * Summary: 
    +-----+-----+-----+-----+----------+
    |  Latency  |  Interval | Pipeline |
    | min | max | min | max |   Type   |
    +-----+-----+-----+-----+----------+
    |    ?|    ?|    ?|    ?| dataflow |
    +-----+-----+-----+-----+----------+

    + Detail: 
        * Instance: 
        N/A

        * Loop: 
        N/A

============================================================
+ Verbose Summary: Synthesis Manager
============================================================
InlineROM: 1
ExposeGlobal: 0
============================================================
+ Verbose Summary: CDFG Model
============================================================
IsTopModel: 1
ResetActiveHigh: 1
IsCombinational: 2
IsDatapathOnly: 0
HasWiredReturn: 1
HasMFsm: 0
HasVarLatency: 1
IsPipeline: 0
IsRtlPipelined: 0
IsInstanceOverlapped: 0
IsDontTouch: 0
HasImplIP: 0
IsGatedGlobalClock: 0


============================================================
+ Verbose Summary: Schedule
============================================================
* Number of FSM states : 22
* Pipeline : 0
* Dataflow Pipeline: 1
  DF-Pipeline-0: Size = 22, States = { 1 2 3 4 5 6 7 8 9 10 11 12 13 14 15 16 17 18 19 20 21 22 }

* FSM state transitions: 
1 --> 
	2  / true
2 --> 
	3  / true
3 --> 
	4  / true
4 --> 
	5  / true
5 --> 
	6  / true
6 --> 
	7  / true
7 --> 
	8  / true
8 --> 
	9  / true
9 --> 
	10  / true
10 --> 
	11  / true
11 --> 
	12  / true
12 --> 
	13  / true
13 --> 
	14  / true
14 --> 
	15  / true
15 --> 
	16  / true
16 --> 
	17  / true
17 --> 
	18  / true
18 --> 
	19  / true
19 --> 
	20  / true
20 --> 
	21  / true
21 --> 
	22  / true
22 --> 

* FSM state operations: 

State 1 <SV = 0> <Delay = 0.00>
ST_1 : Operation 23 [1/1] (0.00ns)   --->   "%connect_0_V_V = alloca i32, align 4" [LeNet_wrapper/LeNet_wrapper.cpp:14]   --->   Operation 23 'alloca' 'connect_0_V_V' <Predicate = true> <Delay = 0.00> <Core = "FIFO">   --->   Core 32 'FIFO' <Latency = 0> <II = 1> <Delay = 3.71> <Storage> <Opcode : 'read' 'write' 'nbread' 'nbwrite'> <Ports = 0> <Width = 32> <Depth = 50> <FIFO>
ST_1 : Operation 24 [1/1] (0.00ns)   --->   "%connect_1_V_V = alloca i32, align 4" [LeNet_wrapper/LeNet_wrapper.cpp:14]   --->   Operation 24 'alloca' 'connect_1_V_V' <Predicate = true> <Delay = 0.00> <Core = "FIFO">   --->   Core 32 'FIFO' <Latency = 0> <II = 1> <Delay = 3.71> <Storage> <Opcode : 'read' 'write' 'nbread' 'nbwrite'> <Ports = 0> <Width = 32> <Depth = 50> <FIFO>
ST_1 : Operation 25 [1/1] (0.00ns)   --->   "%connect_2_V_V = alloca i32, align 4" [LeNet_wrapper/LeNet_wrapper.cpp:14]   --->   Operation 25 'alloca' 'connect_2_V_V' <Predicate = true> <Delay = 0.00> <Core = "FIFO">   --->   Core 32 'FIFO' <Latency = 0> <II = 1> <Delay = 3.71> <Storage> <Opcode : 'read' 'write' 'nbread' 'nbwrite'> <Ports = 0> <Width = 32> <Depth = 50> <FIFO>
ST_1 : Operation 26 [1/1] (0.00ns)   --->   "%connect_3_V_V = alloca i32, align 4" [LeNet_wrapper/LeNet_wrapper.cpp:14]   --->   Operation 26 'alloca' 'connect_3_V_V' <Predicate = true> <Delay = 0.00> <Core = "FIFO">   --->   Core 32 'FIFO' <Latency = 0> <II = 1> <Delay = 3.71> <Storage> <Opcode : 'read' 'write' 'nbread' 'nbwrite'> <Ports = 0> <Width = 32> <Depth = 50> <FIFO>
ST_1 : Operation 27 [1/1] (0.00ns)   --->   "%connect_4_V_V = alloca i32, align 4" [LeNet_wrapper/LeNet_wrapper.cpp:14]   --->   Operation 27 'alloca' 'connect_4_V_V' <Predicate = true> <Delay = 0.00> <Core = "FIFO">   --->   Core 32 'FIFO' <Latency = 0> <II = 1> <Delay = 3.71> <Storage> <Opcode : 'read' 'write' 'nbread' 'nbwrite'> <Ports = 0> <Width = 32> <Depth = 50> <FIFO>
ST_1 : Operation 28 [1/1] (0.00ns)   --->   "%connect_5_V_V = alloca i32, align 4" [LeNet_wrapper/LeNet_wrapper.cpp:14]   --->   Operation 28 'alloca' 'connect_5_V_V' <Predicate = true> <Delay = 0.00> <Core = "FIFO">   --->   Core 32 'FIFO' <Latency = 0> <II = 1> <Delay = 3.71> <Storage> <Opcode : 'read' 'write' 'nbread' 'nbwrite'> <Ports = 0> <Width = 32> <Depth = 50> <FIFO>
ST_1 : Operation 29 [1/1] (0.00ns)   --->   "%connect_6_V_V = alloca i32, align 4" [LeNet_wrapper/LeNet_wrapper.cpp:14]   --->   Operation 29 'alloca' 'connect_6_V_V' <Predicate = true> <Delay = 0.00> <Core = "FIFO">   --->   Core 32 'FIFO' <Latency = 0> <II = 1> <Delay = 3.71> <Storage> <Opcode : 'read' 'write' 'nbread' 'nbwrite'> <Ports = 0> <Width = 32> <Depth = 50> <FIFO>
ST_1 : Operation 30 [1/1] (0.00ns)   --->   "%connect_7_V_V = alloca i32, align 4" [LeNet_wrapper/LeNet_wrapper.cpp:14]   --->   Operation 30 'alloca' 'connect_7_V_V' <Predicate = true> <Delay = 0.00> <Core = "FIFO">   --->   Core 32 'FIFO' <Latency = 0> <II = 1> <Delay = 3.71> <Storage> <Opcode : 'read' 'write' 'nbread' 'nbwrite'> <Ports = 0> <Width = 32> <Depth = 50> <FIFO>
ST_1 : Operation 31 [1/1] (0.00ns)   --->   "%connect_8_V_V = alloca i32, align 4" [LeNet_wrapper/LeNet_wrapper.cpp:14]   --->   Operation 31 'alloca' 'connect_8_V_V' <Predicate = true> <Delay = 0.00> <Core = "FIFO">   --->   Core 32 'FIFO' <Latency = 0> <II = 1> <Delay = 3.71> <Storage> <Opcode : 'read' 'write' 'nbread' 'nbwrite'> <Ports = 0> <Width = 32> <Depth = 50> <FIFO>

State 2 <SV = 1> <Delay = 0.00>
ST_2 : Operation 32 [2/2] (0.00ns)   --->   "call fastcc void @AXI_DMA_SLAVE(i32* %in_stream_V_data_V, i1* %in_stream_V_last, i32* %connect_0_V_V)" [LeNet_wrapper/LeNet_wrapper.cpp:25]   --->   Operation 32 'call' <Predicate = true> <Delay = 0.00> <CoreType = "Generic">   --->   Core 0 '' <Latency = 0> <II = 1> <Delay = 1.00> <Generic> <Opcode : >

State 3 <SV = 2> <Delay = 0.00>
ST_3 : Operation 33 [1/2] (0.00ns)   --->   "call fastcc void @AXI_DMA_SLAVE(i32* %in_stream_V_data_V, i1* %in_stream_V_last, i32* %connect_0_V_V)" [LeNet_wrapper/LeNet_wrapper.cpp:25]   --->   Operation 33 'call' <Predicate = true> <Delay = 0.00> <CoreType = "Generic">   --->   Core 0 '' <Latency = 0> <II = 1> <Delay = 1.00> <Generic> <Opcode : >

State 4 <SV = 3> <Delay = 0.00>
ST_4 : Operation 34 [2/2] (0.00ns)   --->   "call fastcc void @SCIG.1(i32* %connect_0_V_V, i32* %connect_1_V_V)" [LeNet_wrapper/LeNet_wrapper.cpp:30]   --->   Operation 34 'call' <Predicate = true> <Delay = 0.00> <CoreType = "Generic">   --->   Core 0 '' <Latency = 0> <II = 1> <Delay = 1.00> <Generic> <Opcode : >

State 5 <SV = 4> <Delay = 0.00>
ST_5 : Operation 35 [1/2] (0.00ns)   --->   "call fastcc void @SCIG.1(i32* %connect_0_V_V, i32* %connect_1_V_V)" [LeNet_wrapper/LeNet_wrapper.cpp:30]   --->   Operation 35 'call' <Predicate = true> <Delay = 0.00> <CoreType = "Generic">   --->   Core 0 '' <Latency = 0> <II = 1> <Delay = 1.00> <Generic> <Opcode : >

State 6 <SV = 5> <Delay = 0.00>
ST_6 : Operation 36 [2/2] (0.00ns)   --->   "call fastcc void @"SMM<1u, 25u, 20u>"(i32* %connect_1_V_V, i32* %connect_2_V_V)" [LeNet_wrapper/LeNet_wrapper.cpp:33]   --->   Operation 36 'call' <Predicate = true> <Delay = 0.00> <CoreType = "Generic">   --->   Core 0 '' <Latency = 0> <II = 1> <Delay = 1.00> <Generic> <Opcode : >

State 7 <SV = 6> <Delay = 0.00>
ST_7 : Operation 37 [1/2] (0.00ns)   --->   "call fastcc void @"SMM<1u, 25u, 20u>"(i32* %connect_1_V_V, i32* %connect_2_V_V)" [LeNet_wrapper/LeNet_wrapper.cpp:33]   --->   Operation 37 'call' <Predicate = true> <Delay = 0.00> <CoreType = "Generic">   --->   Core 0 '' <Latency = 0> <II = 1> <Delay = 1.00> <Generic> <Opcode : >

State 8 <SV = 7> <Delay = 0.00>
ST_8 : Operation 38 [2/2] (0.00ns)   --->   "call fastcc void @"pool<2u, 20u, 24u>"(i32* %connect_2_V_V, i32* %connect_3_V_V)" [LeNet_wrapper/LeNet_wrapper.cpp:36]   --->   Operation 38 'call' <Predicate = true> <Delay = 0.00> <CoreType = "Generic">   --->   Core 0 '' <Latency = 0> <II = 1> <Delay = 1.00> <Generic> <Opcode : >

State 9 <SV = 8> <Delay = 0.00>
ST_9 : Operation 39 [1/2] (0.00ns)   --->   "call fastcc void @"pool<2u, 20u, 24u>"(i32* %connect_2_V_V, i32* %connect_3_V_V)" [LeNet_wrapper/LeNet_wrapper.cpp:36]   --->   Operation 39 'call' <Predicate = true> <Delay = 0.00> <CoreType = "Generic">   --->   Core 0 '' <Latency = 0> <II = 1> <Delay = 1.00> <Generic> <Opcode : >

State 10 <SV = 9> <Delay = 0.00>
ST_10 : Operation 40 [2/2] (0.00ns)   --->   "call fastcc void @SCIG(i32* %connect_3_V_V, i32* %connect_4_V_V)" [LeNet_wrapper/LeNet_wrapper.cpp:40]   --->   Operation 40 'call' <Predicate = true> <Delay = 0.00> <CoreType = "Generic">   --->   Core 0 '' <Latency = 0> <II = 1> <Delay = 1.00> <Generic> <Opcode : >

State 11 <SV = 10> <Delay = 0.00>
ST_11 : Operation 41 [1/2] (0.00ns)   --->   "call fastcc void @SCIG(i32* %connect_3_V_V, i32* %connect_4_V_V)" [LeNet_wrapper/LeNet_wrapper.cpp:40]   --->   Operation 41 'call' <Predicate = true> <Delay = 0.00> <CoreType = "Generic">   --->   Core 0 '' <Latency = 0> <II = 1> <Delay = 1.00> <Generic> <Opcode : >

State 12 <SV = 11> <Delay = 0.00>
ST_12 : Operation 42 [2/2] (0.00ns)   --->   "call fastcc void @"SMM<1u, 500u, 50u>"(i32* %connect_4_V_V, i32* %connect_5_V_V)" [LeNet_wrapper/LeNet_wrapper.cpp:41]   --->   Operation 42 'call' <Predicate = true> <Delay = 0.00> <CoreType = "Generic">   --->   Core 0 '' <Latency = 0> <II = 1> <Delay = 1.00> <Generic> <Opcode : >

State 13 <SV = 12> <Delay = 0.00>
ST_13 : Operation 43 [1/2] (0.00ns)   --->   "call fastcc void @"SMM<1u, 500u, 50u>"(i32* %connect_4_V_V, i32* %connect_5_V_V)" [LeNet_wrapper/LeNet_wrapper.cpp:41]   --->   Operation 43 'call' <Predicate = true> <Delay = 0.00> <CoreType = "Generic">   --->   Core 0 '' <Latency = 0> <II = 1> <Delay = 1.00> <Generic> <Opcode : >

State 14 <SV = 13> <Delay = 0.00>
ST_14 : Operation 44 [2/2] (0.00ns)   --->   "call fastcc void @"pool<2u, 50u, 8u>"(i32* %connect_5_V_V, i32* %connect_6_V_V)" [LeNet_wrapper/LeNet_wrapper.cpp:42]   --->   Operation 44 'call' <Predicate = true> <Delay = 0.00> <CoreType = "Generic">   --->   Core 0 '' <Latency = 0> <II = 1> <Delay = 1.00> <Generic> <Opcode : >

State 15 <SV = 14> <Delay = 0.00>
ST_15 : Operation 45 [1/2] (0.00ns)   --->   "call fastcc void @"pool<2u, 50u, 8u>"(i32* %connect_5_V_V, i32* %connect_6_V_V)" [LeNet_wrapper/LeNet_wrapper.cpp:42]   --->   Operation 45 'call' <Predicate = true> <Delay = 0.00> <CoreType = "Generic">   --->   Core 0 '' <Latency = 0> <II = 1> <Delay = 1.00> <Generic> <Opcode : >

State 16 <SV = 15> <Delay = 0.00>
ST_16 : Operation 46 [2/2] (0.00ns)   --->   "call fastcc void @"FC<1u, 800u, 500u>"(i32* %connect_6_V_V, i32* %connect_7_V_V)" [LeNet_wrapper/LeNet_wrapper.cpp:45]   --->   Operation 46 'call' <Predicate = true> <Delay = 0.00> <CoreType = "Generic">   --->   Core 0 '' <Latency = 0> <II = 1> <Delay = 1.00> <Generic> <Opcode : >

State 17 <SV = 16> <Delay = 0.00>
ST_17 : Operation 47 [1/2] (0.00ns)   --->   "call fastcc void @"FC<1u, 800u, 500u>"(i32* %connect_6_V_V, i32* %connect_7_V_V)" [LeNet_wrapper/LeNet_wrapper.cpp:45]   --->   Operation 47 'call' <Predicate = true> <Delay = 0.00> <CoreType = "Generic">   --->   Core 0 '' <Latency = 0> <II = 1> <Delay = 1.00> <Generic> <Opcode : >

State 18 <SV = 17> <Delay = 0.00>
ST_18 : Operation 48 [2/2] (0.00ns)   --->   "call fastcc void @"FC<1u, 500u, 10u>"(i32* %connect_7_V_V, i32* %connect_8_V_V)" [LeNet_wrapper/LeNet_wrapper.cpp:46]   --->   Operation 48 'call' <Predicate = true> <Delay = 0.00> <CoreType = "Generic">   --->   Core 0 '' <Latency = 0> <II = 1> <Delay = 1.00> <Generic> <Opcode : >

State 19 <SV = 18> <Delay = 0.00>
ST_19 : Operation 49 [1/2] (0.00ns)   --->   "call fastcc void @"FC<1u, 500u, 10u>"(i32* %connect_7_V_V, i32* %connect_8_V_V)" [LeNet_wrapper/LeNet_wrapper.cpp:46]   --->   Operation 49 'call' <Predicate = true> <Delay = 0.00> <CoreType = "Generic">   --->   Core 0 '' <Latency = 0> <II = 1> <Delay = 1.00> <Generic> <Opcode : >

State 20 <SV = 19> <Delay = 0.00>
ST_20 : Operation 50 [2/2] (0.00ns)   --->   "call fastcc void @AXI_DMA_MASTER(i32* %connect_8_V_V, i32* %out_stream_V_data_V, i1* %out_stream_V_last)" [LeNet_wrapper/LeNet_wrapper.cpp:48]   --->   Operation 50 'call' <Predicate = true> <Delay = 0.00> <CoreType = "Generic">   --->   Core 0 '' <Latency = 0> <II = 1> <Delay = 1.00> <Generic> <Opcode : >

State 21 <SV = 20> <Delay = 0.00>
ST_21 : Operation 51 [1/2] (0.00ns)   --->   "call fastcc void @AXI_DMA_MASTER(i32* %connect_8_V_V, i32* %out_stream_V_data_V, i1* %out_stream_V_last)" [LeNet_wrapper/LeNet_wrapper.cpp:48]   --->   Operation 51 'call' <Predicate = true> <Delay = 0.00> <CoreType = "Generic">   --->   Core 0 '' <Latency = 0> <II = 1> <Delay = 1.00> <Generic> <Opcode : >

State 22 <SV = 21> <Delay = 0.00>
ST_22 : Operation 52 [1/1] (0.00ns)   --->   "call void (...)* @_ssdm_op_SpecDataflowPipeline(i32 -1, i32 0, [1 x i8]* @p_str1) nounwind" [LeNet_wrapper/LeNet_wrapper.cpp:7]   --->   Operation 52 'specdataflowpipeline' <Predicate = true> <Delay = 0.00>
ST_22 : Operation 53 [1/1] (0.00ns)   --->   "call void (...)* @_ssdm_op_SpecBitsMap(i32* %in_stream_V_data_V), !map !77"   --->   Operation 53 'specbitsmap' <Predicate = true> <Delay = 0.00>
ST_22 : Operation 54 [1/1] (0.00ns)   --->   "call void (...)* @_ssdm_op_SpecBitsMap(i1* %in_stream_V_last), !map !83"   --->   Operation 54 'specbitsmap' <Predicate = true> <Delay = 0.00>
ST_22 : Operation 55 [1/1] (0.00ns)   --->   "call void (...)* @_ssdm_op_SpecBitsMap(i32* %out_stream_V_data_V), !map !87"   --->   Operation 55 'specbitsmap' <Predicate = true> <Delay = 0.00>
ST_22 : Operation 56 [1/1] (0.00ns)   --->   "call void (...)* @_ssdm_op_SpecBitsMap(i1* %out_stream_V_last), !map !91"   --->   Operation 56 'specbitsmap' <Predicate = true> <Delay = 0.00>
ST_22 : Operation 57 [1/1] (0.00ns)   --->   "call void (...)* @_ssdm_op_SpecTopModule([6 x i8]* @lenet_str) nounwind"   --->   Operation 57 'spectopmodule' <Predicate = true> <Delay = 0.00>
ST_22 : Operation 58 [1/1] (0.00ns)   --->   "%empty = call i32 (...)* @_ssdm_op_SpecChannel([14 x i8]* @connect_0_OC_V_OC_V_s, i32 1, [1 x i8]* @p_str104, [1 x i8]* @p_str104, i32 50, i32 50, i32* %connect_0_V_V, i32* %connect_0_V_V)"   --->   Operation 58 'specchannel' 'empty' <Predicate = true> <Delay = 0.00>
ST_22 : Operation 59 [1/1] (0.00ns)   --->   "call void (...)* @_ssdm_op_SpecInterface(i32* %connect_0_V_V, [8 x i8]* @ap_fifo_str, i32 0, i32 0, [1 x i8]* @p_str105, i32 0, i32 0, [1 x i8]* @p_str106, [1 x i8]* @p_str107, [1 x i8]* @p_str108, i32 2, i32 2, i32 16, i32 16, [1 x i8]* @p_str109, [1 x i8]* @p_str110)"   --->   Operation 59 'specinterface' <Predicate = true> <Delay = 0.00>
ST_22 : Operation 60 [1/1] (0.00ns)   --->   "%empty_26 = call i32 (...)* @_ssdm_op_SpecChannel([14 x i8]* @connect_1_OC_V_OC_V_s, i32 1, [1 x i8]* @p_str111, [1 x i8]* @p_str111, i32 50, i32 50, i32* %connect_1_V_V, i32* %connect_1_V_V)"   --->   Operation 60 'specchannel' 'empty_26' <Predicate = true> <Delay = 0.00>
ST_22 : Operation 61 [1/1] (0.00ns)   --->   "call void (...)* @_ssdm_op_SpecInterface(i32* %connect_1_V_V, [8 x i8]* @ap_fifo_str, i32 0, i32 0, [1 x i8]* @p_str112, i32 0, i32 0, [1 x i8]* @p_str113, [1 x i8]* @p_str114, [1 x i8]* @p_str115, i32 2, i32 2, i32 16, i32 16, [1 x i8]* @p_str116, [1 x i8]* @p_str117)"   --->   Operation 61 'specinterface' <Predicate = true> <Delay = 0.00>
ST_22 : Operation 62 [1/1] (0.00ns)   --->   "%empty_27 = call i32 (...)* @_ssdm_op_SpecChannel([14 x i8]* @connect_2_OC_V_OC_V_s, i32 1, [1 x i8]* @p_str118, [1 x i8]* @p_str118, i32 2, i32 2, i32* %connect_2_V_V, i32* %connect_2_V_V)"   --->   Operation 62 'specchannel' 'empty_27' <Predicate = true> <Delay = 0.00>
ST_22 : Operation 63 [1/1] (0.00ns)   --->   "call void (...)* @_ssdm_op_SpecInterface(i32* %connect_2_V_V, [8 x i8]* @ap_fifo_str, i32 0, i32 0, [1 x i8]* @p_str119, i32 0, i32 0, [1 x i8]* @p_str120, [1 x i8]* @p_str121, [1 x i8]* @p_str122, i32 2, i32 2, i32 16, i32 16, [1 x i8]* @p_str123, [1 x i8]* @p_str124)"   --->   Operation 63 'specinterface' <Predicate = true> <Delay = 0.00>
ST_22 : Operation 64 [1/1] (0.00ns)   --->   "%empty_28 = call i32 (...)* @_ssdm_op_SpecChannel([14 x i8]* @connect_3_OC_V_OC_V_s, i32 1, [1 x i8]* @p_str125, [1 x i8]* @p_str125, i32 50, i32 50, i32* %connect_3_V_V, i32* %connect_3_V_V)"   --->   Operation 64 'specchannel' 'empty_28' <Predicate = true> <Delay = 0.00>
ST_22 : Operation 65 [1/1] (0.00ns)   --->   "call void (...)* @_ssdm_op_SpecInterface(i32* %connect_3_V_V, [8 x i8]* @ap_fifo_str, i32 0, i32 0, [1 x i8]* @p_str126, i32 0, i32 0, [1 x i8]* @p_str127, [1 x i8]* @p_str128, [1 x i8]* @p_str129, i32 2, i32 2, i32 16, i32 16, [1 x i8]* @p_str130, [1 x i8]* @p_str131)"   --->   Operation 65 'specinterface' <Predicate = true> <Delay = 0.00>
ST_22 : Operation 66 [1/1] (0.00ns)   --->   "%empty_29 = call i32 (...)* @_ssdm_op_SpecChannel([14 x i8]* @connect_4_OC_V_OC_V_s, i32 1, [1 x i8]* @p_str132, [1 x i8]* @p_str132, i32 50, i32 50, i32* %connect_4_V_V, i32* %connect_4_V_V)"   --->   Operation 66 'specchannel' 'empty_29' <Predicate = true> <Delay = 0.00>
ST_22 : Operation 67 [1/1] (0.00ns)   --->   "call void (...)* @_ssdm_op_SpecInterface(i32* %connect_4_V_V, [8 x i8]* @ap_fifo_str, i32 0, i32 0, [1 x i8]* @p_str133, i32 0, i32 0, [1 x i8]* @p_str134, [1 x i8]* @p_str135, [1 x i8]* @p_str136, i32 2, i32 2, i32 16, i32 16, [1 x i8]* @p_str137, [1 x i8]* @p_str138)"   --->   Operation 67 'specinterface' <Predicate = true> <Delay = 0.00>
ST_22 : Operation 68 [1/1] (0.00ns)   --->   "%empty_30 = call i32 (...)* @_ssdm_op_SpecChannel([14 x i8]* @connect_5_OC_V_OC_V_s, i32 1, [1 x i8]* @p_str139, [1 x i8]* @p_str139, i32 2, i32 2, i32* %connect_5_V_V, i32* %connect_5_V_V)"   --->   Operation 68 'specchannel' 'empty_30' <Predicate = true> <Delay = 0.00>
ST_22 : Operation 69 [1/1] (0.00ns)   --->   "call void (...)* @_ssdm_op_SpecInterface(i32* %connect_5_V_V, [8 x i8]* @ap_fifo_str, i32 0, i32 0, [1 x i8]* @p_str140, i32 0, i32 0, [1 x i8]* @p_str141, [1 x i8]* @p_str142, [1 x i8]* @p_str143, i32 2, i32 2, i32 16, i32 16, [1 x i8]* @p_str144, [1 x i8]* @p_str145)"   --->   Operation 69 'specinterface' <Predicate = true> <Delay = 0.00>
ST_22 : Operation 70 [1/1] (0.00ns)   --->   "%empty_31 = call i32 (...)* @_ssdm_op_SpecChannel([14 x i8]* @connect_6_OC_V_OC_V_s, i32 1, [1 x i8]* @p_str146, [1 x i8]* @p_str146, i32 50, i32 50, i32* %connect_6_V_V, i32* %connect_6_V_V)"   --->   Operation 70 'specchannel' 'empty_31' <Predicate = true> <Delay = 0.00>
ST_22 : Operation 71 [1/1] (0.00ns)   --->   "call void (...)* @_ssdm_op_SpecInterface(i32* %connect_6_V_V, [8 x i8]* @ap_fifo_str, i32 0, i32 0, [1 x i8]* @p_str147, i32 0, i32 0, [1 x i8]* @p_str148, [1 x i8]* @p_str149, [1 x i8]* @p_str150, i32 2, i32 2, i32 16, i32 16, [1 x i8]* @p_str151, [1 x i8]* @p_str152)"   --->   Operation 71 'specinterface' <Predicate = true> <Delay = 0.00>
ST_22 : Operation 72 [1/1] (0.00ns)   --->   "%empty_32 = call i32 (...)* @_ssdm_op_SpecChannel([14 x i8]* @connect_7_OC_V_OC_V_s, i32 1, [1 x i8]* @p_str153, [1 x i8]* @p_str153, i32 50, i32 50, i32* %connect_7_V_V, i32* %connect_7_V_V)"   --->   Operation 72 'specchannel' 'empty_32' <Predicate = true> <Delay = 0.00>
ST_22 : Operation 73 [1/1] (0.00ns)   --->   "call void (...)* @_ssdm_op_SpecInterface(i32* %connect_7_V_V, [8 x i8]* @ap_fifo_str, i32 0, i32 0, [1 x i8]* @p_str154, i32 0, i32 0, [1 x i8]* @p_str155, [1 x i8]* @p_str156, [1 x i8]* @p_str157, i32 2, i32 2, i32 16, i32 16, [1 x i8]* @p_str158, [1 x i8]* @p_str159)"   --->   Operation 73 'specinterface' <Predicate = true> <Delay = 0.00>
ST_22 : Operation 74 [1/1] (0.00ns)   --->   "%empty_33 = call i32 (...)* @_ssdm_op_SpecChannel([14 x i8]* @connect_8_OC_V_OC_V_s, i32 1, [1 x i8]* @p_str160, [1 x i8]* @p_str160, i32 50, i32 50, i32* %connect_8_V_V, i32* %connect_8_V_V)"   --->   Operation 74 'specchannel' 'empty_33' <Predicate = true> <Delay = 0.00>
ST_22 : Operation 75 [1/1] (0.00ns)   --->   "call void (...)* @_ssdm_op_SpecInterface(i32* %connect_8_V_V, [8 x i8]* @ap_fifo_str, i32 0, i32 0, [1 x i8]* @p_str161, i32 0, i32 0, [1 x i8]* @p_str162, [1 x i8]* @p_str163, [1 x i8]* @p_str164, i32 2, i32 2, i32 16, i32 16, [1 x i8]* @p_str165, [1 x i8]* @p_str166)"   --->   Operation 75 'specinterface' <Predicate = true> <Delay = 0.00>
ST_22 : Operation 76 [1/1] (0.00ns)   --->   "call void (...)* @_ssdm_op_SpecInterface(i32* %in_stream_V_data_V, i1* %in_stream_V_last, [5 x i8]* @p_str5, i32 1, i32 1, [5 x i8]* @p_str6, i32 0, i32 0, [1 x i8]* @p_str1, [1 x i8]* @p_str1, [1 x i8]* @p_str1, i32 0, i32 0, i32 0, i32 0, [1 x i8]* @p_str1, [1 x i8]* @p_str1) nounwind" [LeNet_wrapper/LeNet_wrapper.cpp:8]   --->   Operation 76 'specinterface' <Predicate = true> <Delay = 0.00>
ST_22 : Operation 77 [1/1] (0.00ns)   --->   "call void (...)* @_ssdm_op_SpecInterface(i32* %out_stream_V_data_V, i1* %out_stream_V_last, [5 x i8]* @p_str5, i32 1, i32 1, [5 x i8]* @p_str6, i32 0, i32 0, [1 x i8]* @p_str1, [1 x i8]* @p_str1, [1 x i8]* @p_str1, i32 0, i32 0, i32 0, i32 0, [1 x i8]* @p_str1, [1 x i8]* @p_str1) nounwind" [LeNet_wrapper/LeNet_wrapper.cpp:9]   --->   Operation 77 'specinterface' <Predicate = true> <Delay = 0.00>
ST_22 : Operation 78 [1/1] (0.00ns)   --->   "call void (...)* @_ssdm_op_SpecInterface(i32 0, [13 x i8]* @p_str7, i32 0, i32 0, [1 x i8]* @p_str1, i32 0, i32 0, [1 x i8]* @p_str1, [1 x i8]* @p_str1, [1 x i8]* @p_str1, i32 0, i32 0, i32 0, i32 0, [1 x i8]* @p_str1, [1 x i8]* @p_str1) nounwind" [LeNet_wrapper/LeNet_wrapper.cpp:10]   --->   Operation 78 'specinterface' <Predicate = true> <Delay = 0.00>
ST_22 : Operation 79 [1/1] (0.00ns)   --->   "ret void" [LeNet_wrapper/LeNet_wrapper.cpp:50]   --->   Operation 79 'ret' <Predicate = true> <Delay = 0.00>


============================================================
+ Verbose Summary: Timing violations
============================================================
Target clock period: 10ns, clock uncertainty: 1.25ns.

 <State 1>: 0ns
The critical path consists of the following:

 <State 2>: 0ns
The critical path consists of the following:

 <State 3>: 0ns
The critical path consists of the following:

 <State 4>: 0ns
The critical path consists of the following:

 <State 5>: 0ns
The critical path consists of the following:

 <State 6>: 0ns
The critical path consists of the following:

 <State 7>: 0ns
The critical path consists of the following:

 <State 8>: 0ns
The critical path consists of the following:

 <State 9>: 0ns
The critical path consists of the following:

 <State 10>: 0ns
The critical path consists of the following:

 <State 11>: 0ns
The critical path consists of the following:

 <State 12>: 0ns
The critical path consists of the following:

 <State 13>: 0ns
The critical path consists of the following:

 <State 14>: 0ns
The critical path consists of the following:

 <State 15>: 0ns
The critical path consists of the following:

 <State 16>: 0ns
The critical path consists of the following:

 <State 17>: 0ns
The critical path consists of the following:

 <State 18>: 0ns
The critical path consists of the following:

 <State 19>: 0ns
The critical path consists of the following:

 <State 20>: 0ns
The critical path consists of the following:

 <State 21>: 0ns
The critical path consists of the following:

 <State 22>: 0ns
The critical path consists of the following:


============================================================
+ Verbose Summary: Binding
============================================================
N/A
* FSMD analyzer results:
  - Output states:
 - Input state : 
  - Chain level:
	State 1
	State 2
	State 3
	State 4
	State 5
	State 6
	State 7
	State 8
	State 9
	State 10
	State 11
	State 12
	State 13
	State 14
	State 15
	State 16
	State 17
	State 18
	State 19
	State 20
	State 21
	State 22


============================================================
+ Verbose Summary: Datapath Resource usage 
============================================================
N/A
